
================================================================================
📊 MONITORING 3 POSITIONS
================================================================================

💰 EXPOSURE SUMMARY:
  Total: $120 / $200 (60.0%)

  By Series:
    KXCPI: $40 / $120 (33.3%)
    KXGDP: $80 / $120 (66.7%)

  By Ticker (top 5):
    KXCPI-26JAN-T0.0: $40 / $75 (53.3%)
    KXGDP-26JAN30-T2.5: $40 / $75 (53.3%)
    KXGDP-26JAN30-T5: $40 / $75 (53.3%)

================================================================================

Checking KXCPI-26JAN-T0.0...
  Entry: 91¢ | Current: 93¢
  P&L: $0.80 (2.2%)
  Position: $40
  ✅ HOLD - no signals

Checking KXGDP-26JAN30-T2.5...
  Entry: 86¢ | Current: 85¢
  P&L: $-0.40 (-1.2%)
  Position: $40
  ✅ HOLD - no signals

Checking KXGDP-26JAN30-T5...
  Entry: 88¢ | Current: 88¢
  P&L: $0.00 (0.0%)
  Position: $40
  ✅ HOLD - no signals

================================================================================
✅ All positions HOLD
================================================================================

================================================================================
📊 MONITORING 3 POSITIONS
================================================================================

💰 EXPOSURE SUMMARY:
  Total: $120 / $200 (60.0%)

  By Series:
    KXCPI: $40 / $120 (33.3%)
    KXGDP: $80 / $120 (66.7%)

  By Ticker (top 5):
    KXCPI-26JAN-T0.0: $40 / $75 (53.3%)
    KXGDP-26JAN30-T2.5: $40 / $75 (53.3%)
    KXGDP-26JAN30-T5: $40 / $75 (53.3%)

================================================================================

Checking KXCPI-26JAN-T0.0...
  Entry: 91¢ | Current: 93¢
  P&L: $0.80 (2.2%)
  Position: $40
  ✅ HOLD - no signals

Checking KXGDP-26JAN30-T2.5...
  Entry: 86¢ | Current: 85¢
  P&L: $-0.40 (-1.2%)
  Position: $40
  ✅ HOLD - no signals

Checking KXGDP-26JAN30-T5...
  Entry: 88¢ | Current: 88¢
  P&L: $0.00 (0.0%)
  Position: $40
  ✅ HOLD - no signals

================================================================================
✅ All positions HOLD
================================================================================

================================================================================
📊 MONITORING 3 POSITIONS
================================================================================

💰 EXPOSURE SUMMARY:
  Total: $120 / $200 (60.0%)

  By Series:
    KXCPI: $40 / $120 (33.3%)
    KXGDP: $80 / $120 (66.7%)

  By Ticker (top 5):
    KXCPI-26JAN-T0.0: $40 / $75 (53.3%)
    KXGDP-26JAN30-T2.5: $40 / $75 (53.3%)
    KXGDP-26JAN30-T5: $40 / $75 (53.3%)

================================================================================

Checking KXCPI-26JAN-T0.0...
  Entry: 91¢ | Current: 92¢
  P&L: $0.40 (1.1%)
  Position: $40
  ✅ HOLD - no signals

Checking KXGDP-26JAN30-T2.5...
  Entry: 86¢ | Current: 85¢
  P&L: $-0.40 (-1.2%)
  Position: $40
  ✅ HOLD - no signals

Checking KXGDP-26JAN30-T5...
  Entry: 88¢ | Current: 88¢
  P&L: $0.00 (0.0%)
  Position: $40
  ✅ HOLD - no signals

================================================================================
✅ All positions HOLD
================================================================================

================================================================================
📊 MONITORING 3 POSITIONS
================================================================================

💰 EXPOSURE SUMMARY:
  Total: $120 / $200 (60.0%)

  By Series:
    KXCPI: $40 / $120 (33.3%)
    KXGDP: $80 / $120 (66.7%)

  By Ticker (top 5):
    KXCPI-26JAN-T0.0: $40 / $75 (53.3%)
    KXGDP-26JAN30-T2.5: $40 / $75 (53.3%)
    KXGDP-26JAN30-T5: $40 / $75 (53.3%)

================================================================================

Checking KXCPI-26JAN-T0.0...
  Entry: 91¢ | Current: 92¢
  P&L: $0.40 (1.1%)
  Position: $40
  ✅ HOLD - no signals

Checking KXGDP-26JAN30-T2.5...
  Entry: 86¢ | Current: 86¢
  P&L: $0.00 (0.0%)
  Position: $40
  ✅ HOLD - no signals

Checking KXGDP-26JAN30-T5...
  Entry: 88¢ | Current: 88¢
  P&L: $0.00 (0.0%)
  Position: $40
  ✅ HOLD - no signals

================================================================================
✅ All positions HOLD
================================================================================

================================================================================
📊 MONITORING 3 POSITIONS
================================================================================

💰 EXPOSURE SUMMARY:
  Total: $120 / $200 (60.0%)

  By Series:
    KXCPI: $40 / $120 (33.3%)
    KXGDP: $80 / $120 (66.7%)

  By Ticker (top 5):
    KXCPI-26JAN-T0.0: $40 / $75 (53.3%)
    KXGDP-26JAN30-T2.5: $40 / $75 (53.3%)
    KXGDP-26JAN30-T5: $40 / $75 (53.3%)

================================================================================

Checking KXCPI-26JAN-T0.0...
  Entry: 91¢ | Current: 92¢
  P&L: $0.40 (1.1%)
  Position: $40
  ✅ HOLD - no signals

Checking KXGDP-26JAN30-T2.5...
  Entry: 86¢ | Current: 86¢
  P&L: $0.00 (0.0%)
  Position: $40
  ✅ HOLD - no signals

Checking KXGDP-26JAN30-T5...
  Entry: 88¢ | Current: 88¢
  P&L: $0.00 (0.0%)
  Position: $40
  ✅ HOLD - no signals

================================================================================
✅ All positions HOLD
================================================================================
